<?xml version="1.0" encoding="UTF-8"?>
<!-- Generated by org.testng.reporters.JUnitReportReporter -->
<testsuite hostname="DESKTOP-2662QES" failures="1" tests="1" name="runner.LoginWithdataRunner" time="0.222" errors="0" timestamp="2026-04-20T12:43:17 IST" skipped="0">
  <testcase classname="runner.LoginWithdataRunner" name="runScenario" time="0.222">
    <failure message="expected [true] but found [false]" type="java.lang.AssertionError">
      <![CDATA[java.lang.AssertionError: expected [true] but found [false]
at org.testng.Assert.fail(Assert.java:111)
at org.testng.Assert.failNotEquals(Assert.java:1578)
at org.testng.Assert.assertTrue(Assert.java:57)
at org.testng.Assert.assertTrue(Assert.java:67)
at steps.LoginWithDataSteps.user_enters_password_as(LoginWithDataSteps.java:23)
at ✽.user enters password as "Test@1234"(file:///C:/Users/Dell/eclipse-workspace/ATT28MarchBDDCucumber/src/test/resources/appfeature/loginWithData.feature:5)
]]>
    </failure>
  </testcase> <!-- runScenario -->
</testsuite> <!-- runner.LoginWithdataRunner -->
