<?xml version="1.0" encoding="UTF-8"?>
<!-- Generated by org.testng.reporters.JUnitReportReporter -->
<testsuite hostname="DESKTOP-2662QES" failures="0" tests="4" name="runner.ScenarioOutlineRunner" time="0.179" errors="0" timestamp="2026-04-18T17:53:25 IST" skipped="0">
  <testcase classname="runner.ScenarioOutlineRunner" name="runScenario" time="0.021"/>
  <testcase classname="runner.ScenarioOutlineRunner" name="runScenario" time="0.016"/>
  <testcase classname="runner.ScenarioOutlineRunner" name="runScenario" time="0.125"/>
  <testcase classname="runner.ScenarioOutlineRunner" name="runScenario" time="0.017"/>
</testsuite> <!-- runner.ScenarioOutlineRunner -->
