<?xml version="1.0" encoding="UTF-8"?>
<!-- Generated by org.testng.reporters.JUnitReportReporter -->
<testsuite hostname="DESKTOP-2662QES" failures="0" tests="3" name="runner.ProfileRunner" time="0.142" errors="0" timestamp="2026-04-18T15:52:02 IST" skipped="0">
  <testcase classname="runner.ProfileRunner" name="runScenario" time="0.115"/>
  <testcase classname="runner.ProfileRunner" name="runScenario" time="0.012"/>
  <testcase classname="runner.ProfileRunner" name="runScenario" time="0.015"/>
</testsuite> <!-- runner.ProfileRunner -->
