<?xml version="1.0" encoding="UTF-8"?>
<!-- Generated by org.testng.reporters.JUnitReportReporter -->
<testsuite hostname="DESKTOP-2662QES" failures="0" tests="3" name="runner.OrderRunner" time="0.296" errors="0" timestamp="2026-04-20T14:12:56 IST" skipped="0">
  <testcase classname="runner.OrderRunner" name="runScenario" time="0.168"/>
  <testcase classname="runner.OrderRunner" name="runScenario" time="0.054"/>
  <testcase classname="runner.OrderRunner" name="runScenario" time="0.074"/>
</testsuite> <!-- runner.OrderRunner -->
